# JRE version: Java(TM) SE Runtime Environment (8.0_131-b11) (build 1.8.0_131-b11)
# Java VM: Java HotSpot(TM) 64-Bit Server VM (25.131-b11 mixed mode bsd-amd64 compressed oops)
Heap:
 PSYoungGen      total 217088K, used 114392K [0x0000000795580000, 0x00000007a6600000, 0x00000007c0000000)
  eden space 204800K, 55% used [0x0000000795580000,0x000000079c536050,0x00000007a1d80000)
  from space 12288K, 0% used [0x00000007a1d80000,0x00000007a1d80000,0x00000007a2980000)
  to   space 12288K, 0% used [0x00000007a5a00000,0x00000007a5a00000,0x00000007a6600000)
 ParOldGen       total 79872K, used 20680K [0x0000000740000000, 0x0000000744e00000, 0x0000000795580000)
  object space 79872K, 25% used [0x0000000740000000,0x00000007414320e8,0x0000000744e00000)
 Metaspace       used 39665K, capacity 40828K, committed 41048K, reserved 1085440K
  class space    used 4427K, capacity 4616K, committed 4696K, reserved 1048576K
GC Heap History (10 events):
Event: 4.356 GC heap before
{Heap before GC invocations=9 (full 0):
 PSYoungGen      total 138752K, used 17694K [0x0000000795580000, 0x000000079e880000, 0x00000007c0000000)
  eden space 131584K, 8% used [0x0000000795580000,0x0000000795fcb868,0x000000079d600000)
  from space 7168K, 99% used [0x000000079de80000,0x000000079e57c210,0x000000079e580000)
  to   space 8704K, 0% used [0x000000079d600000,0x000000079d600000,0x000000079de80000)
 ParOldGen       total 87552K, used 7334K [0x0000000740000000, 0x0000000745580000, 0x0000000795580000)
  object space 87552K, 8% used [0x0000000740000000,0x0000000740729950,0x0000000745580000)
 Metaspace       used 20828K, capacity 21168K, committed 21248K, reserved 1069056K
  class space    used 2478K, capacity 2538K, committed 2560K, reserved 1048576K
Event: 4.365 GC heap after
Heap after GC invocations=9 (full 0):
 PSYoungGen      total 140288K, used 7240K [0x0000000795580000, 0x00000007a3580000, 0x00000007c0000000)
  eden space 131584K, 0% used [0x0000000795580000,0x0000000795580000,0x000000079d600000)
  from space 8704K, 83% used [0x000000079d600000,0x000000079dd121f0,0x000000079de80000)
  to   space 9216K, 0% used [0x00000007a2c80000,0x00000007a2c80000,0x00000007a3580000)
 ParOldGen       total 87552K, used 8566K [0x0000000740000000, 0x0000000745580000, 0x0000000795580000)
  object space 87552K, 9% used [0x0000000740000000,0x000000074085d950,0x0000000745580000)
 Metaspace       used 20828K, capacity 21168K, committed 21248K, reserved 1069056K
  class space    used 2478K, capacity 2538K, committed 2560K, reserved 1048576K
}
Event: 4.365 GC heap before
{Heap before GC invocations=10 (full 1):
 PSYoungGen      total 140288K, used 7240K [0x0000000795580000, 0x00000007a3580000, 0x00000007c0000000)
  eden space 131584K, 0% used [0x0000000795580000,0x0000000795580000,0x000000079d600000)
  from space 8704K, 83% used [0x000000079d600000,0x000000079dd121f0,0x000000079de80000)
  to   space 9216K, 0% used [0x00000007a2c80000,0x00000007a2c80000,0x00000007a3580000)
 ParOldGen       total 87552K, used 8566K [0x0000000740000000, 0x0000000745580000, 0x0000000795580000)
  object space 87552K, 9% used [0x0000000740000000,0x000000074085d950,0x0000000745580000)
 Metaspace       used 20828K, capacity 21168K, committed 21248K, reserved 1069056K
  class space    used 2478K, capacity 2538K, committed 2560K, reserved 1048576K
Event: 4.418 GC heap after
Heap after GC invocations=10 (full 1):
 PSYoungGen      total 140288K, used 0K [0x0000000795580000, 0x00000007a3580000, 0x00000007c0000000)
  eden space 131584K, 0% used [0x0000000795580000,0x0000000795580000,0x000000079d600000)
  from space 8704K, 0% used [0x000000079d600000,0x000000079d600000,0x000000079de80000)
  to   space 9216K, 0% used [0x00000007a2c80000,0x00000007a2c80000,0x00000007a3580000)
 ParOldGen       total 58368K, used 13137K [0x0000000740000000, 0x0000000743900000, 0x0000000795580000)
  object space 58368K, 22% used [0x0000000740000000,0x0000000740cd4430,0x0000000743900000)
 Metaspace       used 20828K, capacity 21168K, committed 21248K, reserved 1069056K
  class space    used 2478K, capacity 2538K, committed 2560K, reserved 1048576K
}
Event: 30.700 GC heap before
{Heap before GC invocations=11 (full 1):
 PSYoungGen      total 140288K, used 131584K [0x0000000795580000, 0x00000007a3580000, 0x00000007c0000000)
  eden space 131584K, 100% used [0x0000000795580000,0x000000079d600000,0x000000079d600000)
  from space 8704K, 0% used [0x000000079d600000,0x000000079d600000,0x000000079de80000)
  to   space 9216K, 0% used [0x00000007a2c80000,0x00000007a2c80000,0x00000007a3580000)
 ParOldGen       total 58368K, used 13137K [0x0000000740000000, 0x0000000743900000, 0x0000000795580000)
  object space 58368K, 22% used [0x0000000740000000,0x0000000740cd4430,0x0000000743900000)
 Metaspace       used 33960K, capacity 34530K, committed 34816K, reserved 1079296K
  class space    used 3885K, capacity 4012K, committed 4096K, reserved 1048576K
Event: 30.719 GC heap after
Heap after GC invocations=11 (full 1):
 PSYoungGen      total 195072K, used 9207K [0x0000000795580000, 0x00000007a3580000, 0x00000007c0000000)
  eden space 185856K, 0% used [0x0000000795580000,0x0000000795580000,0x00000007a0b00000)
  from space 9216K, 99% used [0x00000007a2c80000,0x00000007a357dde0,0x00000007a3580000)
  to   space 12288K, 0% used [0x00000007a1d80000,0x00000007a1d80000,0x00000007a2980000)
 ParOldGen       total 58368K, used 18821K [0x0000000740000000, 0x0000000743900000, 0x0000000795580000)
  object space 58368K, 32% used [0x0000000740000000,0x0000000741261678,0x0000000743900000)
 Metaspace       used 33960K, capacity 34530K, committed 34816K, reserved 1079296K
  class space    used 3885K, capacity 4012K, committed 4096K, reserved 1048576K
}
Event: 109.763 GC heap before
{Heap before GC invocations=12 (full 1):
 PSYoungGen      total 195072K, used 35758K [0x0000000795580000, 0x00000007a3580000, 0x00000007c0000000)
  eden space 185856K, 14% used [0x0000000795580000,0x0000000796f6daa8,0x00000007a0b00000)
  from space 9216K, 99% used [0x00000007a2c80000,0x00000007a357dde0,0x00000007a3580000)
  to   space 12288K, 0% used [0x00000007a1d80000,0x00000007a1d80000,0x00000007a2980000)
 ParOldGen       total 58368K, used 18821K [0x0000000740000000, 0x0000000743900000, 0x0000000795580000)
  object space 58368K, 32% used [0x0000000740000000,0x0000000741261678,0x0000000743900000)
 Metaspace       used 34613K, capacity 35304K, committed 35416K, reserved 1081344K
  class space    used 3935K, capacity 4109K, committed 4184K, reserved 1048576K
Event: 109.781 GC heap after
Heap after GC invocations=12 (full 1):
 PSYoungGen      total 217088K, used 1674K [0x0000000795580000, 0x00000007a6600000, 0x00000007c0000000)
  eden space 204800K, 0% used [0x0000000795580000,0x0000000795580000,0x00000007a1d80000)
  from space 12288K, 13% used [0x00000007a1d80000,0x00000007a1f22858,0x00000007a2980000)
  to   space 12288K, 0% used [0x00000007a5a00000,0x00000007a5a00000,0x00000007a6600000)
 ParOldGen       total 58368K, used 25918K [0x0000000740000000, 0x0000000743900000, 0x0000000795580000)
  object space 58368K, 44% used [0x0000000740000000,0x000000074194f8b8,0x0000000743900000)
 Metaspace       used 34613K, capacity 35304K, committed 35416K, reserved 1081344K
  class space    used 3935K, capacity 4109K, committed 4184K, reserved 1048576K
}
Event: 109.782 GC heap before
{Heap before GC invocations=13 (full 2):
 PSYoungGen      total 217088K, used 1674K [0x0000000795580000, 0x00000007a6600000, 0x00000007c0000000)
  eden space 204800K, 0% used [0x0000000795580000,0x0000000795580000,0x00000007a1d80000)
  from space 12288K, 13% used [0x00000007a1d80000,0x00000007a1f22858,0x00000007a2980000)
  to   space 12288K, 0% used [0x00000007a5a00000,0x00000007a5a00000,0x00000007a6600000)
 ParOldGen       total 58368K, used 25918K [0x0000000740000000, 0x0000000743900000, 0x0000000795580000)
  object space 58368K, 44% used [0x0000000740000000,0x000000074194f8b8,0x0000000743900000)
 Metaspace       used 34613K, capacity 35304K, committed 35416K, reserved 1081344K
  class space    used 3935K, capacity 4109K, committed 4184K, reserved 1048576K
Event: 109.861 GC heap after
Heap after GC invocations=13 (full 2):
 PSYoungGen      total 217088K, used 0K [0x0000000795580000, 0x00000007a6600000, 0x00000007c0000000)
  eden space 204800K, 0% used [0x0000000795580000,0x0000000795580000,0x00000007a1d80000)
  from space 12288K, 0% used [0x00000007a1d80000,0x00000007a1d80000,0x00000007a2980000)
  to   space 12288K, 0% used [0x00000007a5a00000,0x00000007a5a00000,0x00000007a6600000)
 ParOldGen       total 79872K, used 20680K [0x0000000740000000, 0x0000000744e00000, 0x0000000795580000)
  object space 79872K, 25% used [0x0000000740000000,0x00000007414320e8,0x0000000744e00000)
 Metaspace       used 34598K, capacity 35280K, committed 35416K, reserved 1081344K
  class space    used 3933K, capacity 4105K, committed 4184K, reserved 1048576K
}

